<?xml version="1.0" encoding="UTF-8"?>
<!-- Generated by org.testng.reporters.JUnitXMLReporter -->
<testsuite ignored="1" hostname="FFE-Shwetha-HK" failures="2" tests="2" name="Test" time="1.346" errors="0" timestamp="17 Mar 2026 08:51:31 GMT">
  <testcase classname="com.comcast.crm.orgtest.SampleOrgTest" name="CreateOrgTest" time="0.059">
    <failure type="java.lang.NullPointerException" message="Cannot invoke &amp;quot;org.openqa.selenium.SearchContext.findElement(org.openqa.selenium.By)&amp;quot; because &amp;quot;this.searchContext&amp;quot; is null">
      <![CDATA[java.lang.NullPointerException: Cannot invoke "org.openqa.selenium.SearchContext.findElement(org.openqa.selenium.By)" because "this.searchContext" is null
at org.openqa.selenium.support.pagefactory.DefaultElementLocator.findElement(DefaultElementLocator.java:68)
at org.openqa.selenium.support.pagefactory.internal.LocatingElementHandler.invoke(LocatingElementHandler.java:38)
at jdk.proxy2/jdk.proxy2.$Proxy16.click(Unknown Source)
at com.comcast.crm.orgtest.SampleOrgTest.CreateOrgTest(SampleOrgTest.java:26)
... Removed 25 stack frames]]>
    </failure>
  </testcase> <!-- CreateOrgTest -->
  <testcase classname="com.PracticeOrgTest.SampleContact" name="SampleContactTest" time="1.242">
    <failure type="java.lang.NullPointerException" message="Cannot invoke &amp;quot;org.openqa.selenium.SearchContext.findElement(org.openqa.selenium.By)&amp;quot; because &amp;quot;this.searchContext&amp;quot; is null">
      <![CDATA[java.lang.NullPointerException: Cannot invoke "org.openqa.selenium.SearchContext.findElement(org.openqa.selenium.By)" because "this.searchContext" is null
at org.openqa.selenium.support.pagefactory.DefaultElementLocator.findElement(DefaultElementLocator.java:68)
at org.openqa.selenium.support.pagefactory.internal.LocatingElementHandler.invoke(LocatingElementHandler.java:38)
at jdk.proxy2/jdk.proxy2.$Proxy16.click(Unknown Source)
at com.PracticeOrgTest.SampleContact.SampleContactTest(SampleContact.java:31)
... Removed 25 stack frames]]>
    </failure>
  </testcase> <!-- SampleContactTest -->
  <testcase classname="com.PracticeOrgTest.SampleContact" name="SampleContactwithFirstNameTest" time="0.0">
    <ignored/>
  </testcase> <!-- SampleContactwithFirstNameTest -->
</testsuite> <!-- Test -->
